version: (200506)

available memory: 64M bytes
used memory: 65536 bytes [need 64K bytes if disable swap]

used block: 10 [memory(1) file(9)]
                 [ 64K(10) { total 640K bytes } ]
overhead: (31394) bytes for (10) blocks [Average: (3139) bytes/block]

write  => 0(times) 0K(bytes) [0K bytes to file]
read   => 0(times) 0K(bytes) [0K bytes compressed data from file]
access => 795(times) 49M(bytes)
          [hit ratio: 100%]

time: write(0) read(0)  unit: second

swap file directory: (/home/user19/Downloads/final_project/PSDC_SPI_Project/SV/libnz4w_r.soLog)
used swap file number: (0)



swap file manager:
arrSize: (256)
idxCnt: (2)
closeHead: (0)
closeTail: (0)
openCnt: (0)
fid(1): fd(0) fileName(/home/user19/Downloads/final_project/PSDC_SPI_Project/SV/libnz4w_r.soLog/_swap_0001#845115227#887289)
	size(0) lastModTime(0) curModTime(1755065578)
	mode(w+b)	hot(0) cool(0) pos(0)
fid(0): fd(0) fileName(NULL)
	mode(NULL)	hot(0) cool(0) pos(0)
