*design* DebussyLib (btIdent Verdi_W-2024.09-SP2)
Command arguments:
    +define+verilog
    -sverilog
    spi_tb_sv/spi_tb_top.sv
    -assertion
*Warning* Unknown argument -assertion

    open


*Error* failed to open source file "open" with read access: No such file or directory

Highest level modules:
spi_top_tb


*Error* failed to find identifier dut.sclk_generator_inst.sclk
"spi_tb_sv/spi_tb_top.sv", 106: 

*Error* failed to find identifier dut.spi_master_inst.sclk_en
"spi_tb_sv/spi_tb_top.sv", 107: 

*Error* failed to find identifier dut.spi_master_inst.cs
"spi_tb_sv/spi_tb_top.sv", 108: 

*Error* failed to find identifier dut.spi_master_inst.mosi
"spi_tb_sv/spi_tb_top.sv", 109: 

*Error* failed to find identifier dut.spi_slave_inst.miso
"spi_tb_sv/spi_tb_top.sv", 110: 

*Error* failed to find identifier dut.spi_master_inst.state_rx
"spi_tb_sv/spi_tb_top.sv", 305: 

*Error* failed to find identifier dut.spi_master_inst.sclk_negedge
"spi_tb_sv/spi_tb_top.sv", 305: 

*Error* failed to find identifier dut.spi_master_inst.dout_temp[0]
"spi_tb_sv/spi_tb_top.sv", 305: 

*Error* failed to find identifier dut.spi_master_inst.state_tx
"spi_tb_sv/spi_tb_top.sv", 311: 

*Error* failed to find identifier dut.spi_master_inst.WAIT_STATE_1
"spi_tb_sv/spi_tb_top.sv", 311: 

*Error* failed to find identifier dut.spi_master_inst.wait_counter
"spi_tb_sv/spi_tb_top.sv", 311: 

*Error* failed to find identifier dut.spi_master_inst.wait_duration_reg
"spi_tb_sv/spi_tb_top.sv", 311: 

*Error* failed to find identifier dut.spi_master_inst.state_tx
"spi_tb_sv/spi_tb_top.sv", 311: 

*Error* failed to find identifier dut.spi_master_inst.WAIT_STATE_1
"spi_tb_sv/spi_tb_top.sv", 311: 

*Error* failed to find identifier dut.spi_master_inst.state_tx
"spi_tb_sv/spi_tb_top.sv", 315: 

*Error* failed to find identifier dut.spi_master_inst.state_rx
"spi_tb_sv/spi_tb_top.sv", 315: 

*Error* failed to find identifier dut.spi_slave_inst.state_rx
"spi_tb_sv/spi_tb_top.sv", 319: 

*Error* failed to find identifier dut.spi_slave_inst.state_rx
"spi_tb_sv/spi_tb_top.sv", 319: 

*Error* view spi_top is not defined for instance dut
"spi_tb_sv/spi_tb_top.sv", 64: 
Total	20 error(s),   1 warning(s)
